0 info it worked if it ends with ok
1 verbose cli [ '/usr/local/Cellar/node/6.3.1/bin/node',
1 verbose cli   '/usr/local/bin/npm',
1 verbose cli   'publish' ]
2 info using npm@3.10.3
3 info using node@v6.3.1
4 verbose publish [ '.' ]
5 silly cache add args [ '.', null ]
6 verbose cache add spec .
7 silly cache add parsed spec Result {
7 silly cache add   raw: '.',
7 silly cache add   scope: null,
7 silly cache add   escapedName: null,
7 silly cache add   name: null,
7 silly cache add   rawSpec: '.',
7 silly cache add   spec: '/Users/i314i/Downloads/react-native-audio-maker',
7 silly cache add   type: 'directory' }
8 verbose addLocalDirectory /Users/i314i/.npm/react-native-audio-maker/0.0.1/package.tgz not in flight; packing
9 verbose correctMkdir /Users/i314i/.npm correctMkdir not in flight; initializing
10 info lifecycle react-native-audio-maker@0.0.1~prepublish: react-native-audio-maker@0.0.1
11 silly lifecycle react-native-audio-maker@0.0.1~prepublish: no script for prepublish, continuing
12 verbose tar pack [ '/Users/i314i/.npm/react-native-audio-maker/0.0.1/package.tgz',
12 verbose tar pack   '/Users/i314i/Downloads/react-native-audio-maker' ]
13 verbose tarball /Users/i314i/.npm/react-native-audio-maker/0.0.1/package.tgz
14 verbose folder /Users/i314i/Downloads/react-native-audio-maker
15 verbose addLocalTarball adding from inside cache /Users/i314i/.npm/react-native-audio-maker/0.0.1/package.tgz
16 verbose correctMkdir /Users/i314i/.npm correctMkdir not in flight; initializing
17 silly cache afterAdd react-native-audio-maker@0.0.1
18 verbose afterAdd /Users/i314i/.npm/react-native-audio-maker/0.0.1/package/package.json not in flight; writing
19 verbose correctMkdir /Users/i314i/.npm correctMkdir not in flight; initializing
20 verbose afterAdd /Users/i314i/.npm/react-native-audio-maker/0.0.1/package/package.json written
21 silly publish { name: 'react-native-audio-maker',
21 silly publish   version: '0.0.1',
21 silly publish   description: 'React Native library for audio recording in Android',
21 silly publish   main: 'AudioMaker.js',
21 silly publish   scripts: { test: 'echo "Error: no test specified" && exit 1' },
21 silly publish   keywords: [ 'react-native', 'android', 'audio', 'recording' ],
21 silly publish   repository:
21 silly publish    { type: 'git',
21 silly publish      url: 'git+https://github.com/noootown/react-native-audio-maker.git' },
21 silly publish   author: { name: 'noootown' },
21 silly publish   license: 'ISC',
21 silly publish   readme: 'ERROR: No README data found!',
21 silly publish   readmeFilename: 'README.md',
21 silly publish   gitHead: 'dc2a09c69a301a30ddbe010a807e027c91f0b205',
21 silly publish   bugs: { url: 'https://github.com/noootown/react-native-audio-maker/issues' },
21 silly publish   homepage: 'https://github.com/noootown/react-native-audio-maker#readme',
21 silly publish   _id: 'react-native-audio-maker@0.0.1',
21 silly publish   _shasum: '821be55526051f3cbb9cda26b78fa3c04101a632',
21 silly publish   _from: '.' }
22 verbose getPublishConfig undefined
23 silly mapToRegistry name react-native-audio-maker
24 silly mapToRegistry using default registry
25 silly mapToRegistry registry https://registry.npmjs.org/
26 silly mapToRegistry data Result {
26 silly mapToRegistry   raw: 'react-native-audio-maker',
26 silly mapToRegistry   scope: null,
26 silly mapToRegistry   escapedName: 'react-native-audio-maker',
26 silly mapToRegistry   name: 'react-native-audio-maker',
26 silly mapToRegistry   rawSpec: '',
26 silly mapToRegistry   spec: 'latest',
26 silly mapToRegistry   type: 'tag' }
27 silly mapToRegistry uri https://registry.npmjs.org/react-native-audio-maker
28 verbose publish registryBase https://registry.npmjs.org/
29 silly publish uploading /Users/i314i/.npm/react-native-audio-maker/0.0.1/package.tgz
30 verbose stack Error: auth required for publishing
30 verbose stack     at CachingRegistryClient.publish (/usr/local/lib/node_modules/npm/node_modules/npm-registry-client/lib/publish.js:30:14)
30 verbose stack     at /usr/local/lib/node_modules/npm/lib/publish.js:138:14
30 verbose stack     at mapToRegistry (/usr/local/lib/node_modules/npm/lib/utils/map-to-registry.js:62:3)
30 verbose stack     at publish_ (/usr/local/lib/node_modules/npm/lib/publish.js:107:3)
30 verbose stack     at Array.<anonymous> (/usr/local/lib/node_modules/npm/node_modules/slide/lib/bind-actor.js:15:8)
30 verbose stack     at LOOP (/usr/local/lib/node_modules/npm/node_modules/slide/lib/chain.js:15:14)
30 verbose stack     at LOOP (/usr/local/lib/node_modules/npm/node_modules/slide/lib/chain.js:14:28)
30 verbose stack     at chain (/usr/local/lib/node_modules/npm/node_modules/slide/lib/chain.js:20:5)
30 verbose stack     at /usr/local/lib/node_modules/npm/lib/publish.js:73:5
30 verbose stack     at RES (/usr/local/lib/node_modules/npm/node_modules/inflight/inflight.js:23:14)
31 verbose cwd /Users/i314i/Downloads/react-native-audio-maker
32 error Darwin 15.6.0
33 error argv "/usr/local/Cellar/node/6.3.1/bin/node" "/usr/local/bin/npm" "publish"
34 error node v6.3.1
35 error npm  v3.10.3
36 error code ENEEDAUTH
37 error need auth auth required for publishing
38 error need auth You need to authorize this machine using `npm adduser`
39 verbose exit [ 1, true ]
